GET / 404 139 - 10.699 ms
GET /api 404 142 - 1.973 ms
GET /api/test 404 147 - 0.728 ms
GET /api/test/342_sada 200 19 - 4.810 ms
GET /api/scan 200 13 - 5027.102 ms
GET /api/scan 200 13 - 5068.128 ms
GET /api/scan 200 13 - 5081.041 ms
GET /api/scan 200 13 - 5072.732 ms
GET /api/scan 200 13 - 5069.103 ms
GET /api/scan 200 13 - 5013.112 ms
GET /api/scan 200 13 - 5087.640 ms
GET /api/scan 200 13 - 5070.290 ms
GET /api/scan 200 13 - 5068.469 ms
GET /api/scan 200 13 - 5069.461 ms
GET /api/scan 200 13 - 41.495 ms
GET /api/scan 200 13 - 35.807 ms
GET /api/scan 200 13 - 25.562 ms
GET /api/scan 200 13 - 28.949 ms
GET /api/scan 200 13 - 53.191 ms
GET /api/scan - - - - ms
GET /api/scan 200 13 - 34.774 ms
GET /api/scan 200 13 - 25.701 ms
GET /api/scan 200 13 - 27.544 ms
GET /api/scan 200 13 - 28.249 ms
GET /api/scan 200 13 - 20.669 ms
GET /api/scan 200 13 - 27.565 ms
GET /api/scan 500 49 - 169.548 ms
GET /api/scan 200 13 - 5079.187 ms
GET /api/scan 200 13 - 5066.806 ms
GET /api/scan 200 13 - 5043.346 ms
POST /api/scan 404 148 - 6.275 ms
POST /api/unit 500 - - 2043.653 ms
GET /api/scan 200 193 - 2013.391 ms
